Using pre-set license
Built from '2020.3/staging' branch; Version is '2020.3.6f1 (338bb68529b2) revision 3378102'; Using compiler version '192528614'; Build Type 'Release'
OS: 'Windows 10 Home; OS build 19042.1052; Version 2009; 64bit' Language: 'en' Physical Memory: 16230 MB
BatchMode: 1, IsHumanControllingUs: 0, StartBugReporterOnCrash: 0, Is64bit: 1, IsPro: 0

 COMMAND LINE ARGUMENTS:
C:\Program Files\Unity\Hub\Editor\2020.3.4f1\Editor\Unity.exe
-adb2
-batchMode
-noUpm
-name
AssetImportWorker0
-projectPath
D:/NJIT Task
-logFile
Logs/AssetImportWorker0.log
-srvPort
57724
Successfully changed project path to: D:/NJIT Task
D:/NJIT Task
Using Asset Import Pipeline V2.
Refreshing native plugins compatible for Editor in 26.80 ms, found 0 plugins.
Preloading 0 native plugins for Editor in 0.00 ms.
Initialize engine version: 2020.3.6f1 (338bb68529b2)
[Subsystems] Discovering subsystems at path C:/Program Files/Unity/Hub/Editor/2020.3.4f1/Editor/Data/Resources/UnitySubsystems
[Subsystems] Discovering subsystems at path D:/NJIT Task/Assets
GfxDevice: creating device client; threaded=0
Direct3D:
    Version:  Direct3D 11.0 [level 11.1]
    Renderer: NVIDIA GeForce GTX 1070 with Max-Q Design (ID=0x1ba1)
    Vendor:   
    VRAM:     8081 MB
    Driver:   27.21.14.6677
Initialize mono
Mono path[0] = 'C:/Program Files/Unity/Hub/Editor/2020.3.4f1/Editor/Data/Managed'
Mono path[1] = 'C:/Program Files/Unity/Hub/Editor/2020.3.4f1/Editor/Data/MonoBleedingEdge/lib/mono/unityjit'
Mono config path = 'C:/Program Files/Unity/Hub/Editor/2020.3.4f1/Editor/Data/MonoBleedingEdge/etc'
Using monoOptions --debugger-agent=transport=dt_socket,embedding=1,server=y,suspend=n,address=127.0.0.1:56852
Begin MonoManager ReloadAssembly
Registering precompiled unity dll's ...
Register platform support module: C:/Program Files/Unity/Hub/Editor/2020.3.4f1/Editor/Data/PlaybackEngines/WindowsStandaloneSupport/UnityEditor.WindowsStandalone.Extensions.dll
Registered in 0.004436 seconds.
Native extension for WindowsStandalone target not found
Refreshing native plugins compatible for Editor in 48.25 ms, found 0 plugins.
Preloading 0 native plugins for Editor in 0.00 ms.
Mono: successfully reloaded assembly
- Completed reload, in  1.673 seconds
Platform modules already initialized, skipping
Registering precompiled user dll's ...
Registered in 0.001063 seconds.
Begin MonoManager ReloadAssembly
Native extension for WindowsStandalone target not found
Refreshing native plugins compatible for Editor in 0.21 ms, found 0 plugins.
Preloading 0 native plugins for Editor in 0.00 ms.
Mono: successfully reloaded assembly
- Completed reload, in  0.970 seconds
Platform modules already initialized, skipping
========================================================================
Worker process is ready to serve import requests
Launched and connected shader compiler UnityShaderCompiler.exe after 0.11 seconds
Refreshing native plugins compatible for Editor in 0.22 ms, found 0 plugins.
Preloading 0 native plugins for Editor in 0.00 ms.
Unloading 1119 Unused Serialized files (Serialized files now loaded: 0)
System memory in use before: 57.7 MB.
System memory in use after: 57.7 MB.

Unloading 10 unused Assets to reduce memory usage. Loaded Objects now: 1564.
Total: 2.327800 ms (FindLiveObjects: 0.137200 ms CreateObjectMapping: 0.042200 ms MarkObjects: 2.010400 ms  DeleteObjects: 0.136500 ms)

========================================================================
Received Import Request.
  path: Assets/Fire 1.mp4
  artifactKey: Guid(bb9e1c0c8d480f84f9a2597884d28bcb) Importer(815301076,1909f56bfc062723c751e8b465ee728b)
Start importing Assets/Fire 1.mp4 using Guid(bb9e1c0c8d480f84f9a2597884d28bcb) Importer(815301076,1909f56bfc062723c751e8b465ee728b)  -> (artifact id: '319bba82203be7aa5ab32c5fc99563eb') in 0.148128 seconds
  Import took 0.150143 seconds .

========================================================================
Received Import Request.
  Time since last request: 0.000288 seconds.
  path: Assets/Water (1).mp4
  artifactKey: Guid(309ac67260b303d4b962e1f8a6aa7e7c) Importer(815301076,1909f56bfc062723c751e8b465ee728b)
Start importing Assets/Water (1).mp4 using Guid(309ac67260b303d4b962e1f8a6aa7e7c) Importer(815301076,1909f56bfc062723c751e8b465ee728b)  -> (artifact id: '018edaad43df86faf952693702f5a173') in 0.003798 seconds
  Import took 0.005957 seconds .

========================================================================
Received Import Request.
  Time since last request: 8.034757 seconds.
  path: Assets/Grass (1).mp4
  artifactKey: Guid(d16864f13702fc0489afde1eed7c11a9) Importer(815301076,1909f56bfc062723c751e8b465ee728b)
Start importing Assets/Grass (1).mp4 using Guid(d16864f13702fc0489afde1eed7c11a9) Importer(815301076,1909f56bfc062723c751e8b465ee728b)  -> (artifact id: '78eb1098069be9ae9808e9be79f47f38') in 0.003218 seconds
  Import took 0.005604 seconds .

========================================================================
Received Import Request.
  Time since last request: 35.561662 seconds.
  path: Assets/Fire.mp4
  artifactKey: Guid(bb9e1c0c8d480f84f9a2597884d28bcb) Importer(815301076,1909f56bfc062723c751e8b465ee728b)
Start importing Assets/Fire.mp4 using Guid(bb9e1c0c8d480f84f9a2597884d28bcb) Importer(815301076,1909f56bfc062723c751e8b465ee728b)  -> (artifact id: '3dd551b560a272fea98a9a51cbda6f05') in 0.002636 seconds
  Import took 0.004561 seconds .

========================================================================
Received Import Request.
  Time since last request: 16.847520 seconds.
  path: Assets/Grass.mp4
  artifactKey: Guid(d16864f13702fc0489afde1eed7c11a9) Importer(815301076,1909f56bfc062723c751e8b465ee728b)
Start importing Assets/Grass.mp4 using Guid(d16864f13702fc0489afde1eed7c11a9) Importer(815301076,1909f56bfc062723c751e8b465ee728b)  -> (artifact id: '4f6b68f5b4bd443e3e3e4baadda0896e') in 0.002668 seconds
  Import took 0.005141 seconds .

========================================================================
Received Import Request.
  Time since last request: 6.293921 seconds.
  path: Assets/Water.mp4
  artifactKey: Guid(309ac67260b303d4b962e1f8a6aa7e7c) Importer(815301076,1909f56bfc062723c751e8b465ee728b)
Start importing Assets/Water.mp4 using Guid(309ac67260b303d4b962e1f8a6aa7e7c) Importer(815301076,1909f56bfc062723c751e8b465ee728b)  -> (artifact id: '789bf600ae9176ed5a0bb6c326d450d0') in 0.002390 seconds
  Import took 0.004560 seconds .

========================================================================
Received Prepare
Registering precompiled user dll's ...
Registered in 0.001323 seconds.
Begin MonoManager ReloadAssembly
Native extension for WindowsStandalone target not found
Refreshing native plugins compatible for Editor in 0.24 ms, found 0 plugins.
Preloading 0 native plugins for Editor in 0.00 ms.
Mono: successfully reloaded assembly
- Completed reload, in  0.958 seconds
Platform modules already initialized, skipping
Refreshing native plugins compatible for Editor in 0.26 ms, found 0 plugins.
Preloading 0 native plugins for Editor in 0.00 ms.
Unloading 1114 Unused Serialized files (Serialized files now loaded: 0)
System memory in use before: 57.6 MB.
System memory in use after: 57.7 MB.

Unloading 5 unused Assets to reduce memory usage. Loaded Objects now: 1567.
Total: 1.711500 ms (FindLiveObjects: 0.137600 ms CreateObjectMapping: 0.038000 ms MarkObjects: 1.461600 ms  DeleteObjects: 0.072900 ms)

========================================================================
Received Prepare
Refreshing native plugins compatible for Editor in 0.76 ms, found 0 plugins.
Preloading 0 native plugins for Editor in 0.00 ms.
Unloading 3 Unused Serialized files (Serialized files now loaded: 0)
System memory in use before: 35.6 MB.
System memory in use after: 35.7 MB.

Unloading 3 unused Assets to reduce memory usage. Loaded Objects now: 1567.
Total: 2.087100 ms (FindLiveObjects: 0.134000 ms CreateObjectMapping: 0.045300 ms MarkObjects: 1.856100 ms  DeleteObjects: 0.050700 ms)

